2024-08-28 14:04:45,546 [INFO] Activator:176 - 


2024-08-28 14:04:45,550 [INFO] Activator:177 - !SESSION log4j initialized
2024-08-28 14:04:49,470 [INFO] LogOutputStream:77 - [STDOUT_REDIRECT] 
2024-08-28 14:04:52,417 [INFO] ApplicationProperties:184 - Using Application install path: C:\ST\STM32CubeIDE_1.16.0\STM32CubeIDE\plugins\com.st.stm32cube.common.mx_6.12.0.202406281431
2024-08-28 14:04:52,447 [INFO] DbMcusXml:78 - Set database path to: C:\ST\STM32CubeIDE_1.16.0\STM32CubeIDE\plugins\com.st.stm32cube.common.mx_6.12.0.202406281431\\db\/mcu/
2024-08-28 14:04:52,448 [INFO] ApiDb:274 - Set plugin database path to: C:\ST\STM32CubeIDE_1.16.0\STM32CubeIDE\plugins\com.st.stm32cube.common.mx_6.12.0.202406281431\\db\/plugins/boardmanager/
2024-08-28 14:04:52,449 [WARN] ApiDb:259 - Overriding images path with different value:  => C:\ST\STM32CubeIDE_1.16.0\STM32CubeIDE\plugins\com.st.stm32cube.common.mx_6.12.0.202406281431\\db\/plugins/mcufinder/images/
2024-08-28 14:04:52,464 [INFO] ApiDb:250 - Set database path to: C:\Users\raulc\.stmcufinder\plugins\mcufinder//mcu/
2024-08-28 14:04:52,467 [INFO] DbMcusAds:125 - Set database path to: C:\Users\raulc\.stmcufinder\plugins\mcufinder//mcu/
2024-08-28 14:04:52,472 [INFO] CrossReferenceDbSqlite:203 - Set database path to: C:\Users\raulc\.stmcufinder\plugins\mcufinder//mcu/cs/
2024-08-28 14:04:52,738 [INFO] RulesReader:64 - Compatibility file has been processed (297 Rules)
2024-08-28 14:04:52,920 [INFO] DbMcusXml:78 - Set database path to: C:\ST\STM32CubeIDE_1.16.0\STM32CubeIDE\plugins\com.st.stm32cube.common.mx_6.12.0.202406281431\\db\/mcu/
2024-08-28 14:04:52,920 [INFO] ApiDb:274 - Set plugin database path to: C:\ST\STM32CubeIDE_1.16.0\STM32CubeIDE\plugins\com.st.stm32cube.common.mx_6.12.0.202406281431\\db\/plugins/boardmanager/
2024-08-28 14:04:52,921 [INFO] ApiDb:261 - Set plugin images path to: C:\ST\STM32CubeIDE_1.16.0\STM32CubeIDE\plugins\com.st.stm32cube.common.mx_6.12.0.202406281431\\db\/plugins/mcufinder/images/
2024-08-28 14:04:52,921 [WARN] DbFile:41 - Overriding database path with different value: C:\Users\raulc\.stmcufinder\plugins\mcufinder/ => C:\Users\raulc\.stmcufinder\plugins\mcufinder
2024-08-28 14:04:52,922 [INFO] ApiDb:250 - Set database path to: C:\Users\raulc\.stmcufinder\plugins\mcufinder//mcu/
2024-08-28 14:04:52,922 [WARN] DbFile:41 - Overriding database path with different value: C:\Users\raulc\.stmcufinder\plugins\mcufinder/ => C:\Users\raulc\.stmcufinder\plugins\mcufinder
2024-08-28 14:04:52,922 [INFO] DbMcusAds:125 - Set database path to: C:\Users\raulc\.stmcufinder\plugins\mcufinder//mcu/
2024-08-28 14:04:52,922 [WARN] DbFile:41 - Overriding database path with different value: C:\Users\raulc\.stmcufinder\plugins\mcufinder/ => C:\Users\raulc\.stmcufinder\plugins\mcufinder
2024-08-28 14:04:52,922 [WARN] DbFile:41 - Overriding database path with different value: C:\Users\raulc\.stmcufinder\plugins\mcufinder/ => C:\Users\raulc\.stmcufinder\plugins\mcufinder
2024-08-28 14:04:52,922 [INFO] CrossReferenceDbSqlite:203 - Set database path to: C:\Users\raulc\.stmcufinder\plugins\mcufinder//mcu/cs/
2024-08-28 14:04:53,079 [INFO] MainPanel:268 - HeapMemory: 268435456
2024-08-28 14:04:53,241 [INFO] DbMcusXml:78 - Set database path to: C:\ST\STM32CubeIDE_1.16.0\STM32CubeIDE\plugins\com.st.stm32cube.common.mx_6.12.0.202406281431\\db\/mcu/
2024-08-28 14:04:53,241 [INFO] ApiDb:274 - Set plugin database path to: C:\ST\STM32CubeIDE_1.16.0\STM32CubeIDE\plugins\com.st.stm32cube.common.mx_6.12.0.202406281431\\db\/plugins/boardmanager/
2024-08-28 14:04:53,241 [INFO] ApiDb:261 - Set plugin images path to: C:\ST\STM32CubeIDE_1.16.0\STM32CubeIDE\plugins\com.st.stm32cube.common.mx_6.12.0.202406281431\\db\/plugins/mcufinder/images/
2024-08-28 14:04:53,242 [WARN] DbFile:41 - Overriding database path with different value: C:\Users\raulc\.stmcufinder\plugins\mcufinder/ => C:\Users\raulc\.stmcufinder\plugins\mcufinder
2024-08-28 14:04:53,242 [INFO] ApiDb:250 - Set database path to: C:\Users\raulc\.stmcufinder\plugins\mcufinder//mcu/
2024-08-28 14:04:53,242 [WARN] DbFile:41 - Overriding database path with different value: C:\Users\raulc\.stmcufinder\plugins\mcufinder/ => C:\Users\raulc\.stmcufinder\plugins\mcufinder
2024-08-28 14:04:53,242 [INFO] DbMcusAds:125 - Set database path to: C:\Users\raulc\.stmcufinder\plugins\mcufinder//mcu/
2024-08-28 14:04:53,242 [WARN] DbFile:41 - Overriding database path with different value: C:\Users\raulc\.stmcufinder\plugins\mcufinder/ => C:\Users\raulc\.stmcufinder\plugins\mcufinder
2024-08-28 14:04:53,243 [WARN] DbFile:41 - Overriding database path with different value: C:\Users\raulc\.stmcufinder\plugins\mcufinder/ => C:\Users\raulc\.stmcufinder\plugins\mcufinder
2024-08-28 14:04:53,243 [INFO] CrossReferenceDbSqlite:203 - Set database path to: C:\Users\raulc\.stmcufinder\plugins\mcufinder//mcu/cs/
2024-08-28 14:04:53,274 [INFO] ApplicationProperties:184 - Using Application install path: C:\ST\STM32CubeIDE_1.16.0\STM32CubeIDE\plugins\com.st.stm32cube.common.mx_6.12.0.202406281431
2024-08-28 14:04:53,276 [INFO] PluginManage:196 - Search for loadable plugins [exclusion list=, ]
2024-08-28 14:04:53,278 [INFO] PluginManage:310 - Check plugin analytics
2024-08-28 14:04:53,638 [INFO] AnalyticsPlugin:253 - Accepted Software Licenses: 
2024-08-28 14:04:53,639 [INFO] AnalyticsPlugin:255 - Accepted CMSIS Pack Licenses: 
2024-08-28 14:04:53,639 [INFO] AnalyticsPlugin:257 - Accepted Firmware Licenses: FW.F4.1.28.0
2024-08-28 14:04:53,644 [INFO] PluginManage:359 - Loaded plugin analytics (category:tool,tabindex:-1)
2024-08-28 14:04:53,645 [INFO] PluginManage:310 - Check plugin cadmodel
2024-08-28 14:04:53,658 [INFO] CADModel:105 - Init CAD model plugin
2024-08-28 14:04:53,658 [INFO] PluginManage:359 - Loaded plugin cadmodel (category:power,tabindex:5)
2024-08-28 14:04:53,659 [INFO] PluginManage:310 - Check plugin clock
2024-08-28 14:04:53,679 [INFO] PluginManage:359 - Loaded plugin clock (category:base,tabindex:2)
2024-08-28 14:04:53,680 [INFO] PluginManage:310 - Check plugin ddr
2024-08-28 14:04:53,688 [INFO] PluginManage:359 - Loaded plugin ddr (category:tool,tabindex:6)
2024-08-28 14:04:53,688 [INFO] PluginManage:310 - Check plugin filemanager
2024-08-28 14:04:54,005 [INFO] PluginManage:359 - Loaded plugin filemanager (category:base,tabindex:10)
2024-08-28 14:04:54,006 [INFO] PluginManage:310 - Check plugin ipmanager
2024-08-28 14:04:54,018 [INFO] PluginManage:359 - Loaded plugin ipmanager (category:base,tabindex:5)
2024-08-28 14:04:54,019 [INFO] PluginManage:310 - Check plugin lpbam
2024-08-28 14:04:54,033 [INFO] PluginManage:359 - Loaded plugin lpbam (category:base,tabindex:0)
2024-08-28 14:04:54,033 [INFO] PluginManage:310 - Check plugin memorymap
2024-08-28 14:04:54,053 [INFO] PluginManage:359 - Loaded plugin memorymap (category:base,tabindex:4)
2024-08-28 14:04:54,053 [INFO] PluginManage:310 - Check plugin pinoutandconfiguration
2024-08-28 14:04:54,066 [INFO] PluginManage:359 - Loaded plugin pinoutandconfiguration (category:base,tabindex:1)
2024-08-28 14:04:54,066 [INFO] PluginManage:310 - Check plugin pinoutconfig
2024-08-28 14:04:54,310 [WARN] SupportedApi:132 - Cannot load RTOS API schema: s4s-elt-must-match.1: The content of 'definitions' must match (annotation?, (simpleType | complexType)?, (unique | key | keyref)*)). A problem was found starting at: attribute.
2024-08-28 14:04:54,526 [INFO] PluginManage:359 - Loaded plugin pinoutconfig (category:base,tabindex:0)
2024-08-28 14:04:54,526 [INFO] PluginManage:310 - Check plugin power
2024-08-28 14:04:54,539 [INFO] PluginManage:359 - Loaded plugin power (category:power,tabindex:4)
2024-08-28 14:04:54,539 [INFO] PluginManage:310 - Check plugin projectmanager
2024-08-28 14:04:54,574 [INFO] PluginManage:359 - Loaded plugin projectmanager (category:projectmanager,tabindex:4)
2024-08-28 14:04:54,575 [INFO] PluginManage:310 - Check plugin rif
2024-08-28 14:04:54,586 [INFO] PluginManage:359 - Loaded plugin rif (category:base,tabindex:3)
2024-08-28 14:04:54,587 [INFO] PluginManage:310 - Check plugin thirdparty
2024-08-28 14:04:54,794 [WARN] IntegrityCheckThread:84 - waiting for thirdparty lock release [integrity check]
2024-08-28 14:04:54,795 [INFO] IntegrityCheckThread:86 - entering critical section [integrity check]
2024-08-28 14:04:54,795 [INFO] PluginManage:359 - Loaded plugin thirdparty (category:base,tabindex:-1)
2024-08-28 14:04:54,795 [INFO] PluginManage:310 - Check plugin tools
2024-08-28 14:04:54,795 [INFO] ThirdPartyUpdaterWithRetryManager:70 - Updater plugin not ready yet. [1/15]
2024-08-28 14:04:54,803 [INFO] PluginManage:359 - Loaded plugin tools (category:base,tabindex:7)
2024-08-28 14:04:54,803 [INFO] PluginManage:310 - Check plugin tutovideos
2024-08-28 14:04:55,103 [INFO] PluginManage:359 - Loaded plugin tutovideos (category:base,tabindex:-1)
2024-08-28 14:04:55,104 [INFO] PluginManage:310 - Check plugin updater
2024-08-28 14:04:55,136 [INFO] PluginManage:359 - Loaded plugin updater (category:base,tabindex:12)
2024-08-28 14:04:55,136 [INFO] PluginManage:310 - Check plugin userauth
2024-08-28 14:04:55,145 [INFO] UserAuth:113 - Init User Auth plugin
2024-08-28 14:04:55,145 [INFO] PluginManage:359 - Loaded plugin userauth (category:base,tabindex:14)
2024-08-28 14:04:55,146 [INFO] PluginManage:283 - PluginManage : Loaded plugins [18]
2024-08-28 14:04:55,439 [INFO] PinOutPanel:1561 - setPackage(No Configuration,No Configuration)
2024-08-28 14:04:55,546 [INFO] CADModel:165 - CPN selected for project level
2024-08-28 14:04:55,546 [INFO] CADModel:114 - Register for checkConnection events
2024-08-28 14:04:55,564 [INFO] IPUIPlugin:80 - create IPUIPlugin
2024-08-28 14:04:55,565 [INFO] PluginManager:220 - loadIPPluginJar : add adc
2024-08-28 14:04:55,568 [INFO] IPUIPlugin:80 - create IPUIPlugin
2024-08-28 14:04:55,568 [INFO] PluginManager:220 - loadIPPluginJar : add aes
2024-08-28 14:04:55,571 [INFO] IPUIPlugin:80 - create IPUIPlugin
2024-08-28 14:04:55,571 [INFO] PluginManager:220 - loadIPPluginJar : add can
2024-08-28 14:04:55,573 [INFO] IPUIPlugin:80 - create IPUIPlugin
2024-08-28 14:04:55,573 [INFO] PluginManager:220 - loadIPPluginJar : add comp
2024-08-28 14:04:55,576 [INFO] IPUIPlugin:80 - create IPUIPlugin
2024-08-28 14:04:55,576 [INFO] PluginManager:220 - loadIPPluginJar : add cryp
2024-08-28 14:04:55,580 [INFO] IPUIPlugin:80 - create IPUIPlugin
2024-08-28 14:04:55,580 [INFO] PluginManager:220 - loadIPPluginJar : add ddr_ctrl_phy
2024-08-28 14:04:55,583 [INFO] IPUIPlugin:80 - create IPUIPlugin
2024-08-28 14:04:55,583 [INFO] PluginManager:220 - loadIPPluginJar : add dfsdm
2024-08-28 14:04:55,589 [INFO] IPUIPlugin:80 - create IPUIPlugin
2024-08-28 14:04:55,590 [INFO] PluginManager:220 - loadIPPluginJar : add dma
2024-08-28 14:04:55,592 [INFO] IPUIPlugin:80 - create IPUIPlugin
2024-08-28 14:04:55,593 [INFO] PluginManager:220 - loadIPPluginJar : add dma3
2024-08-28 14:04:55,596 [INFO] IPUIPlugin:80 - create IPUIPlugin
2024-08-28 14:04:55,596 [INFO] PluginManager:220 - loadIPPluginJar : add extmemmanager
2024-08-28 14:04:55,597 [INFO] IPUIPlugin:80 - create IPUIPlugin
2024-08-28 14:04:55,598 [INFO] PluginManager:220 - loadIPPluginJar : add fatfs
2024-08-28 14:04:55,602 [INFO] IPUIPlugin:80 - create IPUIPlugin
2024-08-28 14:04:55,602 [INFO] PluginManager:220 - loadIPPluginJar : add fmc
2024-08-28 14:04:55,609 [INFO] IPUIPlugin:80 - create IPUIPlugin
2024-08-28 14:04:55,609 [INFO] PluginManager:220 - loadIPPluginJar : add freertos
2024-08-28 14:04:55,611 [INFO] IPUIPlugin:80 - create IPUIPlugin
2024-08-28 14:04:55,611 [INFO] PluginManager:220 - loadIPPluginJar : add genericplugin
2024-08-28 14:04:55,614 [INFO] IPUIPlugin:80 - create IPUIPlugin
2024-08-28 14:04:55,614 [INFO] PluginManager:220 - loadIPPluginJar : add gfxmmu
2024-08-28 14:04:55,620 [INFO] IPUIPlugin:80 - create IPUIPlugin
2024-08-28 14:04:55,620 [INFO] PluginManager:220 - loadIPPluginJar : add gic
2024-08-28 14:04:55,624 [INFO] IPUIPlugin:80 - create IPUIPlugin
2024-08-28 14:04:55,624 [INFO] PluginManager:220 - loadIPPluginJar : add gpio
2024-08-28 14:04:55,628 [INFO] IPUIPlugin:80 - create IPUIPlugin
2024-08-28 14:04:55,628 [INFO] PluginManager:220 - loadIPPluginJar : add gtzc
2024-08-28 14:04:55,630 [INFO] IPUIPlugin:80 - create IPUIPlugin
2024-08-28 14:04:55,630 [INFO] PluginManager:220 - loadIPPluginJar : add hash
2024-08-28 14:04:55,633 [INFO] IPUIPlugin:80 - create IPUIPlugin
2024-08-28 14:04:55,634 [INFO] PluginManager:220 - loadIPPluginJar : add i2c
2024-08-28 14:04:55,636 [INFO] IPUIPlugin:80 - create IPUIPlugin
2024-08-28 14:04:55,637 [INFO] PluginManager:220 - loadIPPluginJar : add i2s
2024-08-28 14:04:55,640 [INFO] IPUIPlugin:80 - create IPUIPlugin
2024-08-28 14:04:55,640 [INFO] PluginManager:220 - loadIPPluginJar : add i3c
2024-08-28 14:04:55,643 [INFO] IPUIPlugin:80 - create IPUIPlugin
2024-08-28 14:04:55,643 [INFO] PluginManager:220 - loadIPPluginJar : add ipddr
2024-08-28 14:04:55,651 [INFO] IPUIPlugin:80 - create IPUIPlugin
2024-08-28 14:04:55,651 [INFO] PluginManager:220 - loadIPPluginJar : add linkedlist
2024-08-28 14:04:55,655 [INFO] IPUIPlugin:80 - create IPUIPlugin
2024-08-28 14:04:55,655 [INFO] PluginManager:220 - loadIPPluginJar : add lorawan
2024-08-28 14:04:55,657 [INFO] IPUIPlugin:80 - create IPUIPlugin
2024-08-28 14:04:55,657 [INFO] PluginManager:220 - loadIPPluginJar : add ltdc
2024-08-28 14:04:55,664 [INFO] IPUIPlugin:80 - create IPUIPlugin
2024-08-28 14:04:55,664 [INFO] PluginManager:220 - loadIPPluginJar : add mdma
2024-08-28 14:04:55,669 [INFO] IPUIPlugin:80 - create IPUIPlugin
2024-08-28 14:04:55,669 [INFO] PluginManager:220 - loadIPPluginJar : add nvic
2024-08-28 14:04:55,673 [INFO] IPUIPlugin:80 - create IPUIPlugin
2024-08-28 14:04:55,673 [INFO] PluginManager:220 - loadIPPluginJar : add opamp
2024-08-28 14:04:55,676 [INFO] IPUIPlugin:80 - create IPUIPlugin
2024-08-28 14:04:55,677 [INFO] PluginManager:220 - loadIPPluginJar : add openamp
2024-08-28 14:04:55,681 [INFO] IPUIPlugin:80 - create IPUIPlugin
2024-08-28 14:04:55,682 [INFO] PluginManager:220 - loadIPPluginJar : add pdm2pcm
2024-08-28 14:04:55,690 [INFO] IPUIPlugin:80 - create IPUIPlugin
2024-08-28 14:04:55,694 [INFO] PluginManager:220 - loadIPPluginJar : add plateformsettings
2024-08-28 14:04:55,696 [INFO] IPUIPlugin:80 - create IPUIPlugin
2024-08-28 14:04:55,696 [INFO] PluginManager:220 - loadIPPluginJar : add quadspi
2024-08-28 14:04:55,701 [INFO] IPUIPlugin:80 - create IPUIPlugin
2024-08-28 14:04:55,703 [INFO] PluginManager:220 - loadIPPluginJar : add radio
2024-08-28 14:04:55,709 [INFO] IPUIPlugin:80 - create IPUIPlugin
2024-08-28 14:04:55,710 [INFO] PluginManager:220 - loadIPPluginJar : add resmgrutility
2024-08-28 14:04:55,717 [INFO] IPUIPlugin:80 - create IPUIPlugin
2024-08-28 14:04:55,717 [INFO] PluginManager:220 - loadIPPluginJar : add sai
2024-08-28 14:04:55,730 [INFO] IPUIPlugin:80 - create IPUIPlugin
2024-08-28 14:04:55,731 [INFO] PluginManager:220 - loadIPPluginJar : add spi
2024-08-28 14:04:55,745 [INFO] IPUIPlugin:80 - create IPUIPlugin
2024-08-28 14:04:55,746 [INFO] PluginManager:220 - loadIPPluginJar : add stm32_wpan
2024-08-28 14:04:55,751 [INFO] IPUIPlugin:80 - create IPUIPlugin
2024-08-28 14:04:55,751 [INFO] PluginManager:220 - loadIPPluginJar : add tim
2024-08-28 14:04:55,756 [INFO] IPUIPlugin:80 - create IPUIPlugin
2024-08-28 14:04:55,757 [INFO] PluginManager:220 - loadIPPluginJar : add touchsensing
2024-08-28 14:04:55,762 [INFO] IPUIPlugin:80 - create IPUIPlugin
2024-08-28 14:04:55,762 [INFO] PluginManager:220 - loadIPPluginJar : add tracer_emb
2024-08-28 14:04:55,767 [INFO] IPUIPlugin:80 - create IPUIPlugin
2024-08-28 14:04:55,768 [INFO] PluginManager:220 - loadIPPluginJar : add ts
2024-08-28 14:04:55,772 [INFO] IPUIPlugin:80 - create IPUIPlugin
2024-08-28 14:04:55,772 [INFO] PluginManager:220 - loadIPPluginJar : add tsc
2024-08-28 14:04:55,776 [INFO] IPUIPlugin:80 - create IPUIPlugin
2024-08-28 14:04:55,776 [INFO] PluginManager:220 - loadIPPluginJar : add ucpd
2024-08-28 14:04:55,781 [INFO] IPUIPlugin:80 - create IPUIPlugin
2024-08-28 14:04:55,781 [INFO] PluginManager:220 - loadIPPluginJar : add usart
2024-08-28 14:04:55,789 [INFO] IPUIPlugin:80 - create IPUIPlugin
2024-08-28 14:04:55,789 [INFO] PluginManager:220 - loadIPPluginJar : add usbx
2024-08-28 14:04:55,977 [INFO] CADModel:165 - CPN selected for project level
2024-08-28 14:04:55,977 [INFO] CADModel:114 - Register for checkConnection events
2024-08-28 14:04:55,977 [FATAL] Updater:334 - Updater called before beeing initialized
2024-08-28 14:04:55,977 [ERROR] CADModel:125 - Updater not yet initialized, retry later 
2024-08-28 14:04:56,156 [INFO] CADModel:165 - CPN selected for project level
2024-08-28 14:04:56,156 [INFO] CADModel:114 - Register for checkConnection events
2024-08-28 14:04:56,156 [FATAL] Updater:334 - Updater called before beeing initialized
2024-08-28 14:04:56,156 [ERROR] CADModel:125 - Updater not yet initialized, retry later 
2024-08-28 14:04:56,160 [FATAL] Updater:334 - Updater called before beeing initialized
2024-08-28 14:04:56,304 [FATAL] Updater:334 - Updater called before beeing initialized
2024-08-28 14:04:56,319 [INFO] DbMcusAds:53 - JSON generation date=Thu May 16 12:22:00 EEST 2024 (1715851320667)
2024-08-28 14:04:56,319 [FATAL] Updater:334 - Updater called before beeing initialized
2024-08-28 14:04:56,380 [WARN] DetailPanel:346 - Failed to get advertising image, set to default
2024-08-28 14:04:56,517 [FATAL] Updater:334 - Updater called before beeing initialized
2024-08-28 14:04:56,520 [FATAL] Updater:334 - Updater called before beeing initialized
2024-08-28 14:04:56,520 [FATAL] Updater:334 - Updater called before beeing initialized
2024-08-28 14:04:56,520 [WARN] DetailPanel:346 - Failed to get advertising image, set to default
2024-08-28 14:04:56,521 [FATAL] Updater:334 - Updater called before beeing initialized
2024-08-28 14:04:56,620 [ERROR] Updater:1164 - MainUpdater not yet initialized. External WinMGr cannot be set.
2024-08-28 14:04:56,635 [INFO] Updater:1100 - Updater Version found : 6.12.0
2024-08-28 14:04:56,662 [INFO] ApplicationProperties:184 - Using Application install path: C:\ST\STM32CubeIDE_1.16.0\STM32CubeIDE\plugins\com.st.stm32cube.common.mx_6.12.0.202406281431
2024-08-28 14:04:57,796 [INFO] ThirdPartyUpdaterWithRetryManager:70 - Updater plugin not ready yet. [2/15]
2024-08-28 14:04:58,252 [ERROR] LogOutputStream:75 - [STDERR_REDIRECT] Aug 28, 2024 2:04:58 PM java.util.prefs.WindowsPreferences <init>
2024-08-28 14:04:58,253 [ERROR] LogOutputStream:75 - [STDERR_REDIRECT] WARNING: Could not open/create prefs root node Software\JavaSoft\Prefs at root 0xffffffff80000002. Windows RegCreateKeyEx(...) returned error code 5.
2024-08-28 14:04:58,253 [ERROR] LogOutputStream:75 - [STDERR_REDIRECT] 
2024-08-28 14:04:58,727 [INFO] MainUpdater:2873 - connection check result : 10
2024-08-28 14:04:58,728 [INFO] MainUpdater:3567 - Updater definition file requires update
2024-08-28 14:04:58,729 [INFO] MainUpdater:290 - Updater Check For Update Now.
2024-08-28 14:04:58,730 [INFO] MicroXplorer:498 - Change Database Version : DB.6.0.120
2024-08-28 14:04:58,751 [INFO] McuFinderGlobals:63 - Set McuFinder mode to 2 (CubeIDE integrated)
2024-08-28 14:04:58,758 [INFO] UserAuth:417 - Internet connection configuration mode: 1
2024-08-28 14:04:58,785 [INFO] JxBrowserEngine:152 - Initiate JxBrowser Engine with user profile folder
2024-08-28 14:04:58,838 [INFO] ServerAccessManage:473 - Download File updaters.zip
2024-08-28 14:04:58,948 [INFO] FileExtend:240 - Unzip File : updaters.zip
2024-08-28 14:04:58,948 [INFO] FileExtend:255 - Standard Zip Deflate
2024-08-28 14:04:59,710 [INFO] ServerAccessManage:473 - Download File PacksControlFlags.xml
2024-08-28 14:04:59,962 [INFO] ServerAccessManage:473 - Download File cubemx.pidx
2024-08-28 14:05:00,801 [WARN] MainUpdater:1194 - Updater busy. Cannot search thirdparties
2024-08-28 14:05:00,802 [INFO] ThirdPartyUpdaterWithRetryManager:96 - Updater plugin is busy. [1/15]
2024-08-28 14:05:01,959 [INFO] ServerAccessManage:473 - Download File STMicroelectronics.X-CUBE-MEMS1.pdsc
2024-08-28 14:05:03,803 [WARN] MainUpdater:1194 - Updater busy. Cannot search thirdparties
2024-08-28 14:05:03,803 [INFO] ThirdPartyUpdaterWithRetryManager:96 - Updater plugin is busy. [2/15]
2024-08-28 14:05:04,195 [INFO] ServerAccessManage:473 - Download File STMicroelectronics.X-CUBE-AZRTOS-H7.pdsc
2024-08-28 14:05:05,218 [INFO] WebApp:167 - Instantiating new browser for Auth
2024-08-28 14:05:06,525 [INFO] CheckServerUpdateThread:120 - End of CheckServer Thread
2024-08-28 14:05:06,582 [WARN] PackLoader:240 - Cannot read IP mode file for STMicroelectronics.X-CUBE-MEMS1.11.0.0
2024-08-28 14:05:07,328 [WARN] PackLoader:240 - Cannot read IP mode file for STMicroelectronics.X-CUBE-AZRTOS-H7.3.3.0
2024-08-28 14:05:07,338 [INFO] PopulateThirdPartyThread:66 - Ending populate Thread
2024-08-28 14:05:07,340 [INFO] ThirdParty:1030 - CMSIS Pack Vendor :STMicroelectronics X-CUBE-AZRTOS-H7 3.3.0
2024-08-28 14:05:07,340 [INFO] ThirdParty:1030 - CMSIS Pack Vendor :STMicroelectronics X-CUBE-MEMS1 11.0.0
2024-08-28 14:05:07,341 [INFO] LoadServerUpdatesThread:375 - End of LoadServerUpdate Thread
2024-08-28 14:05:07,347 [WARN] PackLoader:240 - Cannot read IP mode file for STMicroelectronics.FP-SNS-MOTENVWB1.1.4.0
2024-08-28 14:05:07,441 [WARN] PackLoader:240 - Cannot read IP mode file for STMicroelectronics.X-CUBE-SMBUS.2.1.0
2024-08-28 14:05:07,460 [INFO] WebApp:448 - Apply proxy settings
2024-08-28 14:05:07,460 [INFO] WebApp:533 - Chromium requires no authentication
2024-08-28 14:05:07,487 [INFO] WebApp:476 - Direct internet connection detected
2024-08-28 14:05:07,523 [WARN] PackLoader:240 - Cannot read IP mode file for STMicroelectronics.X-CUBE-AZRTOS-F7.1.1.0
2024-08-28 14:05:07,573 [INFO] WebApp:869 - Register for checkConnection events
2024-08-28 14:05:07,574 [INFO] WebApp:448 - Apply proxy settings
2024-08-28 14:05:07,574 [INFO] WebApp:533 - Chromium requires no authentication
2024-08-28 14:05:07,576 [INFO] WebApp:476 - Direct internet connection detected
2024-08-28 14:05:07,642 [WARN] PackLoader:240 - Cannot read IP mode file for STMicroelectronics.X-CUBE-MEMS1.11.0.0
2024-08-28 14:05:07,857 [WARN] PackLoader:240 - Cannot read IP mode file for STMicroelectronics.FP-SNS-FLIGHT1.5.0.2
2024-08-28 14:05:07,897 [WARN] PackLoader:240 - Cannot read IP mode file for STMicroelectronics.X-CUBE-DISPLAY.3.0.0
2024-08-28 14:05:07,968 [WARN] PackLoader:240 - Cannot read IP mode file for STMicroelectronics.X-CUBE-BLE1.7.0.0
2024-08-28 14:05:08,015 [WARN] PackLoader:240 - Cannot read IP mode file for emotas.I-CUBE-CANOPEN.1.3.0
2024-08-28 14:05:08,017 [INFO] WebApp:186 - Connection restablished
2024-08-28 14:05:08,073 [WARN] PackLoader:240 - Cannot read IP mode file for STMicroelectronics.X-CUBE-BLEMGR.3.1.0
2024-08-28 14:05:08,125 [WARN] PackLoader:240 - Cannot read IP mode file for STMicroelectronics.FP-SNS-SMARTAG2.1.2.0
2024-08-28 14:05:08,238 [INFO] LogOutputStream:77 - [STDOUT_REDIRECT] 1 : Invalid condition id : UX_CORESTACK_Condition cause : null
2024-08-28 14:05:08,240 [INFO] LogOutputStream:77 - [STDOUT_REDIRECT] 1 : Invalid condition id : UX_CORESTACK_Condition cause : null
2024-08-28 14:05:08,244 [INFO] LogOutputStream:77 - [STDOUT_REDIRECT] 1 : Invalid condition id : UX_CORESTACK_Condition cause : null
2024-08-28 14:05:08,249 [INFO] LogOutputStream:77 - [STDOUT_REDIRECT] 1 : Invalid condition id : UX_CORESTACK_Condition cause : null
2024-08-28 14:05:08,253 [INFO] LogOutputStream:77 - [STDOUT_REDIRECT] 1 : Invalid condition id : UX_CORESTACK_Condition cause : null
2024-08-28 14:05:08,265 [WARN] PackLoader:240 - Cannot read IP mode file for STMicroelectronics.X-CUBE-AZRTOS-WL.2.0.0
2024-08-28 14:05:08,276 [INFO] WebApp:220 - Starting web application
2024-08-28 14:05:08,277 [INFO] WebApp:578 - Web application path used C:\ST\STM32CubeIDE_1.16.0\STM32CubeIDE\plugins\com.st.stm32cube.common.mx_6.12.0.202406281431\db\plugins\mcufinder\reactClient1\index.html
2024-08-28 14:05:08,366 [WARN] PackLoader:240 - Cannot read IP mode file for STMicroelectronics.FP-SNS-MOTENV1.5.0.0
2024-08-28 14:05:08,384 [WARN] PackLoader:240 - Cannot read IP mode file for wolfSSL.I-CUBE-wolfMQTT.1.19.0
2024-08-28 14:05:08,435 [WARN] PackLoader:240 - Cannot read IP mode file for WES.I-CUBE-Cesium.1.3.0
2024-08-28 14:05:08,473 [WARN] PackLoader:240 - Cannot read IP mode file for STMicroelectronics.X-CUBE-BLE2.3.3.0
2024-08-28 14:05:08,508 [WARN] PackLoader:240 - Cannot read IP mode file for STMicroelectronics.X-CUBE-TCPP.4.1.0
2024-08-28 14:05:08,589 [WARN] PackLoader:240 - Cannot read IP mode file for STMicroelectronics.X-CUBE-AZRTOS-G0.1.1.0
2024-08-28 14:05:08,696 [WARN] PackLoader:240 - Cannot read IP mode file for STMicroelectronics.X-CUBE-SAFEA1.1.2.2
2024-08-28 14:05:08,733 [INFO] UserAuth:417 - Internet connection configuration mode: 1
2024-08-28 14:05:08,793 [WARN] PackLoader:240 - Cannot read IP mode file for STMicroelectronics.X-CUBE-NFC4.3.0.0
2024-08-28 14:05:08,943 [WARN] PackLoader:240 - Cannot read IP mode file for EmbeddedOffice.I-CUBE-FS-RTOS.1.0.1
2024-08-28 14:05:08,943 [ERROR] ConditionMgr:805 - Attr not supported : Dmpu
2024-08-28 14:05:08,944 [ERROR] ConditionMgr:805 - Attr not supported : Dmpu
2024-08-28 14:05:08,944 [ERROR] ConditionMgr:805 - Attr not supported : Dmpu
2024-08-28 14:05:08,944 [ERROR] ConditionMgr:805 - Attr not supported : Dmpu
2024-08-28 14:05:08,945 [ERROR] ConditionMgr:805 - Attr not supported : Dmpu
2024-08-28 14:05:08,945 [ERROR] ConditionMgr:805 - Attr not supported : Dmpu
2024-08-28 14:05:08,945 [ERROR] ConditionMgr:805 - Attr not supported : Dmpu
2024-08-28 14:05:08,945 [ERROR] ConditionMgr:805 - Attr not supported : Dmpu
2024-08-28 14:05:08,945 [ERROR] ConditionMgr:805 - Attr not supported : Dmpu
2024-08-28 14:05:08,945 [ERROR] ConditionMgr:805 - Attr not supported : Dmpu
2024-08-28 14:05:08,945 [ERROR] ConditionMgr:805 - Attr not supported : Dmpu
2024-08-28 14:05:08,945 [ERROR] ConditionMgr:805 - Attr not supported : Dmpu
2024-08-28 14:05:08,946 [ERROR] ConditionMgr:805 - Attr not supported : Dmpu
2024-08-28 14:05:08,946 [ERROR] ConditionMgr:805 - Attr not supported : Dmpu
2024-08-28 14:05:08,946 [ERROR] ConditionMgr:805 - Attr not supported : Dmpu
2024-08-28 14:05:08,946 [ERROR] ConditionMgr:805 - Attr not supported : Dmpu
2024-08-28 14:05:08,946 [ERROR] ConditionMgr:805 - Attr not supported : Dmpu
2024-08-28 14:05:08,946 [ERROR] ConditionMgr:805 - Attr not supported : Dmpu
2024-08-28 14:05:08,946 [ERROR] ConditionMgr:805 - Attr not supported : Dmpu
2024-08-28 14:05:08,946 [ERROR] ConditionMgr:805 - Attr not supported : Dmpu
2024-08-28 14:05:08,947 [ERROR] ConditionMgr:805 - Attr not supported : Dmpu
2024-08-28 14:05:08,947 [ERROR] ConditionMgr:805 - Attr not supported : Dmpu
2024-08-28 14:05:08,947 [ERROR] ConditionMgr:805 - Attr not supported : Dmpu
2024-08-28 14:05:08,947 [ERROR] ConditionMgr:805 - Attr not supported : Dmpu
2024-08-28 14:05:08,947 [ERROR] ConditionMgr:805 - Attr not supported : Dmpu
2024-08-28 14:05:08,947 [ERROR] ConditionMgr:805 - Attr not supported : Dmpu
2024-08-28 14:05:08,948 [ERROR] ConditionMgr:805 - Attr not supported : Dmpu
2024-08-28 14:05:08,948 [ERROR] ConditionMgr:805 - Attr not supported : Dmpu
2024-08-28 14:05:08,948 [ERROR] ConditionMgr:805 - Attr not supported : Dmpu
2024-08-28 14:05:08,948 [ERROR] ConditionMgr:805 - Attr not supported : Dmpu
2024-08-28 14:05:08,948 [ERROR] ConditionMgr:805 - Attr not supported : Dmpu
2024-08-28 14:05:08,948 [ERROR] ConditionMgr:805 - Attr not supported : Dmpu
2024-08-28 14:05:08,948 [ERROR] ConditionMgr:805 - Attr not supported : Dmpu
2024-08-28 14:05:08,948 [ERROR] ConditionMgr:805 - Attr not supported : Dmpu
2024-08-28 14:05:08,949 [ERROR] ConditionMgr:805 - Attr not supported : Dmpu
2024-08-28 14:05:08,949 [ERROR] ConditionMgr:805 - Attr not supported : Dmpu
2024-08-28 14:05:08,949 [ERROR] ConditionMgr:805 - Attr not supported : Dmpu
2024-08-28 14:05:08,949 [ERROR] ConditionMgr:805 - Attr not supported : Dmpu
2024-08-28 14:05:08,949 [ERROR] ConditionMgr:805 - Attr not supported : Dmpu
2024-08-28 14:05:08,949 [ERROR] ConditionMgr:805 - Attr not supported : Dmpu
2024-08-28 14:05:08,950 [ERROR] ConditionMgr:805 - Attr not supported : Dmpu
2024-08-28 14:05:08,950 [ERROR] ConditionMgr:805 - Attr not supported : Dmpu
2024-08-28 14:05:08,950 [ERROR] ConditionMgr:805 - Attr not supported : Dmpu
2024-08-28 14:05:08,951 [ERROR] ConditionMgr:805 - Attr not supported : Dmpu
2024-08-28 14:05:08,951 [ERROR] ConditionMgr:805 - Attr not supported : Dmpu
2024-08-28 14:05:08,951 [ERROR] ConditionMgr:805 - Attr not supported : Dmpu
2024-08-28 14:05:08,951 [ERROR] ConditionMgr:805 - Attr not supported : Dmpu
2024-08-28 14:05:08,951 [ERROR] ConditionMgr:805 - Attr not supported : Dmpu
2024-08-28 14:05:08,951 [ERROR] ConditionMgr:805 - Attr not supported : Dmpu
2024-08-28 14:05:08,951 [ERROR] ConditionMgr:805 - Attr not supported : Dmpu
2024-08-28 14:05:08,951 [ERROR] ConditionMgr:805 - Attr not supported : Dmpu
2024-08-28 14:05:08,952 [ERROR] ConditionMgr:805 - Attr not supported : Dmpu
2024-08-28 14:05:08,952 [ERROR] ConditionMgr:805 - Attr not supported : Dmpu
2024-08-28 14:05:08,952 [ERROR] ConditionMgr:805 - Attr not supported : Dmpu
2024-08-28 14:05:08,952 [ERROR] ConditionMgr:805 - Attr not supported : Dmpu
2024-08-28 14:05:08,952 [ERROR] ConditionMgr:805 - Attr not supported : Dmpu
2024-08-28 14:05:08,952 [ERROR] ConditionMgr:805 - Attr not supported : Dmpu
2024-08-28 14:05:08,952 [ERROR] ConditionMgr:805 - Attr not supported : Dmpu
2024-08-28 14:05:08,952 [ERROR] ConditionMgr:805 - Attr not supported : Dmpu
2024-08-28 14:05:08,953 [ERROR] ConditionMgr:805 - Attr not supported : Dmpu
2024-08-28 14:05:08,953 [ERROR] ConditionMgr:805 - Attr not supported : Dmpu
2024-08-28 14:05:08,953 [ERROR] ConditionMgr:805 - Attr not supported : Dmpu
2024-08-28 14:05:08,953 [ERROR] ConditionMgr:805 - Attr not supported : Dmpu
2024-08-28 14:05:08,953 [ERROR] ConditionMgr:805 - Attr not supported : Dmpu
2024-08-28 14:05:08,980 [WARN] PackLoader:240 - Cannot read IP mode file for RealThread.X-CUBE-RT-Thread_Nano.4.1.1
2024-08-28 14:05:08,990 [WARN] PackLoader:240 - Cannot read IP mode file for STMicroelectronics.FP-ATR-SIGFOX1.3.2.0
2024-08-28 14:05:09,022 [WARN] PackLoader:240 - Cannot read IP mode file for wolfSSL.I-CUBE-wolfSSL.5.7.2
2024-08-28 14:05:09,062 [WARN] PackLoader:240 - Cannot read IP mode file for STMicroelectronics.X-CUBE-EEPRMA1.5.1.0
2024-08-28 14:05:09,096 [WARN] PackLoader:240 - Cannot read IP mode file for ITTIA_DB.I-CUBE-ITTIADB.8.9.0
2024-08-28 14:05:09,185 [WARN] PackLoader:240 - Cannot read IP mode file for SEGGER.I-CUBE-embOS.1.3.1
2024-08-28 14:05:09,305 [WARN] PackLoader:240 - Cannot read IP mode file for STMicroelectronics.X-CUBE-ALGOBUILD.1.4.0
2024-08-28 14:05:09,336 [WARN] PackLoader:240 - Cannot read IP mode file for STMicroelectronics.X-CUBE-GNSS1.6.0.0
2024-08-28 14:05:09,398 [WARN] PackLoader:240 - Cannot read IP mode file for STMicroelectronics.X-CUBE-AZRTOS-F4.1.1.0
2024-08-28 14:05:09,438 [WARN] PackLoader:240 - Cannot read IP mode file for STMicroelectronics.X-CUBE-FREERTOS.1.2.0
2024-08-28 14:05:09,505 [WARN] PackLoader:240 - Cannot read IP mode file for STMicroelectronics.X-CUBE-AZRTOS-L5.2.0.0
2024-08-28 14:05:09,548 [WARN] PackLoader:240 - Cannot read IP mode file for STMicroelectronics.X-CUBE-NFC6.3.1.0
2024-08-28 14:05:09,583 [WARN] PackLoader:240 - Cannot read IP mode file for STMicroelectronics.X-CUBE-DPower.1.2.0
2024-08-28 14:05:09,610 [WARN] PackLoader:240 - Cannot read IP mode file for STMicroelectronics.X-CUBE-AI.9.0.0
2024-08-28 14:05:09,639 [WARN] PackLoader:240 - Cannot read IP mode file for STMicroelectronics.X-CUBE-NFC7.1.0.1
2024-08-28 14:05:09,649 [WARN] PackLoader:240 - Cannot read IP mode file for wolfSSL.I-CUBE-wolfTPM.3.2.0
2024-08-28 14:05:09,714 [WARN] ConditionMgr:438 - getConditionDescription Invalid condition id : LAN8742 Phy interface Condition cause : null
2024-08-28 14:05:09,715 [WARN] PackLoader:240 - Cannot read IP mode file for STMicroelectronics.X-CUBE-AZRTOS-L4.2.0.0
2024-08-28 14:05:09,718 [WARN] ConditionMgr:1039 - genDependencies : Invalid condition id : LAN8742 Phy interface Condition cause : null
2024-08-28 14:05:09,719 [WARN] ConditionMgr:1039 - genDependencies : Invalid condition id : LAN8742 Phy interface Condition cause : null
2024-08-28 14:05:09,720 [WARN] ConditionMgr:1039 - genDependencies : Invalid condition id : LAN8742 Phy interface Condition cause : null
2024-08-28 14:05:09,755 [WARN] PackLoader:240 - Cannot read IP mode file for STMicroelectronics.X-CUBE-SFXS2LP1.4.0.0
2024-08-28 14:05:09,796 [WARN] PackLoader:240 - Cannot read IP mode file for STMicroelectronics.X-CUBE-AZRTOS-H7.3.3.0
2024-08-28 14:05:09,849 [WARN] ConditionMgr:438 - getConditionDescription Invalid condition id : UX DEVICE CLASS RTOS Condition cause : null
2024-08-28 14:05:09,850 [WARN] ConditionMgr:438 - getConditionDescription Invalid condition id : UX DEVICE CLASS RTOS Condition cause : null
2024-08-28 14:05:09,855 [WARN] PackLoader:240 - Cannot read IP mode file for STMicroelectronics.X-CUBE-AZRTOS-WB.2.0.0
2024-08-28 14:05:09,856 [WARN] ConditionMgr:1039 - genDependencies : Invalid condition id : UX DEVICE CLASS RTOS Condition cause : null
2024-08-28 14:05:09,857 [WARN] ConditionMgr:1039 - genDependencies : Invalid condition id : UX DEVICE CLASS RTOS Condition cause : null
2024-08-28 14:05:09,858 [WARN] ConditionMgr:1039 - genDependencies : Invalid condition id : UX DEVICE CLASS RTOS Condition cause : null
2024-08-28 14:05:09,858 [WARN] ConditionMgr:1039 - genDependencies : Invalid condition id : UX DEVICE CLASS RTOS Condition cause : null
2024-08-28 14:05:09,858 [WARN] ConditionMgr:1039 - genDependencies : Invalid condition id : UX DEVICE CLASS RTOS Condition cause : null
2024-08-28 14:05:09,895 [WARN] PackLoader:240 - Cannot read IP mode file for STMicroelectronics.FP-SNS-STBOX1.2.0.0
2024-08-28 14:05:09,940 [WARN] PackLoader:240 - Cannot read IP mode file for STMicroelectronics.X-CUBE-SUBG2.5.0.0
2024-08-28 14:05:09,960 [WARN] PackLoader:240 - Cannot read IP mode file for Cesanta.I-CUBE-Mongoose.7.13.0
2024-08-28 14:05:10,019 [WARN] PackLoader:240 - Cannot read IP mode file for STMicroelectronics.X-CUBE-AZRTOS-G4.2.0.0
2024-08-28 14:05:10,050 [WARN] PackLoader:240 - Cannot read IP mode file for STMicroelectronics.X-CUBE-ISPU.2.0.0
2024-08-28 14:05:10,075 [WARN] PackLoader:240 - Cannot read IP mode file for STMicroelectronics.X-CUBE-ALS.1.0.2
2024-08-28 14:05:10,198 [WARN] PackLoader:240 - Cannot read IP mode file for STMicroelectronics.X-CUBE-MEMS1.10.0.0
2024-08-28 14:05:10,386 [WARN] PackLoader:240 - Cannot read IP mode file for STMicroelectronics.X-CUBE-TOUCHGFX.4.24.0
2024-08-28 14:05:10,410 [WARN] PackLoader:240 - Cannot read IP mode file for portGmbH.I-Cube-SoM-uGOAL.1.1.0
2024-08-28 14:05:10,475 [WARN] PackLoader:240 - Cannot read IP mode file for STMicroelectronics.X-CUBE-AZRTOS-H7RS.1.0.0
2024-08-28 14:05:10,504 [WARN] PackLoader:240 - Cannot read IP mode file for STMicroelectronics.FP-ATR-ASTRA1.2.0.0
2024-08-28 14:05:10,539 [WARN] PackLoader:240 - Cannot read IP mode file for STMicroelectronics.X-CUBE-TOF1.3.4.2
2024-08-28 14:05:10,585 [WARN] PackLoader:240 - Cannot read IP mode file for STMicroelectronics.X-CUBE-TOF1.3.4.1
2024-08-28 14:05:10,655 [WARN] PackLoader:240 - Cannot read IP mode file for STMicroelectronics.X-CUBE-AZRTOS-H7.3.2.0
2024-08-28 14:05:10,708 [WARN] PackLoader:240 - Cannot read IP mode file for Infineon.AIROC-Wi-Fi-Bluetooth-STM32.1.6.0
2024-08-28 14:05:10,723 [WARN] PackLoader:240 - Cannot read IP mode file for wolfSSL.I-CUBE-wolfSSH.1.4.17
2024-08-28 14:05:10,724 [INFO] ThirdParty:978 - Integrity check success = true
2024-08-28 14:05:10,724 [INFO] IntegrityCheckThread:100 - exiting critical section [integrity check]
2024-08-28 14:05:10,725 [INFO] IntegrityCheckThread:103 - End integrity checks thread
